<?xml version="1.0" encoding="UTF-8"?>
<testng-results ignored="0" total="1" passed="1" failed="0" skipped="0">
  <reporter-output>
  </reporter-output>
  <suite started-at="2026-02-24T22:44:04 IST" name="Default suite" finished-at="2026-02-24T22:44:12 IST" duration-ms="8509">
    <groups>
    </groups>
    <test started-at="2026-02-24T22:44:04 IST" name="Default test" finished-at="2026-02-24T22:44:12 IST" duration-ms="8509">
      <class name="ATB_Selenium.ATB_Selenium.SecondTest">
        <test-method signature="secTest()[pri:0, instance:ATB_Selenium.ATB_Selenium.SecondTest@7b2bbc3]" started-at="2026-02-24T22:44:04 IST" name="secTest" finished-at="2026-02-24T22:44:12 IST" duration-ms="8410" status="PASS">
          <reporter-output>
          </reporter-output>
        </test-method> <!-- secTest -->
      </class> <!-- ATB_Selenium.ATB_Selenium.SecondTest -->
    </test> <!-- Default test -->
  </suite> <!-- Default suite -->
</testng-results>
